[ 19.11.2018 - 20:05:53 ]
    (MSG) [2] in SMILExtract : openSMILE starting!
[ 19.11.2018 - 20:05:53 ]
    (MSG) [2] in SMILExtract : config file is: dimensional/IS13_ComParE_lld-func.conf
[ 19.11.2018 - 20:05:53 ]
    (MSG) [2] in cComponentManager : successfully registered 96 component types.
[ 19.11.2018 - 20:05:53 ]
    (WARN) [1] in instance 'functionalsA.reader' : Mismatch in input level buffer sizes (levelconf.nT). Level #1 has size 2 which is smaller than the max. input size of all input levels (100). This might cause the processing to hang unpredictably or cause incomplete processing.
[ 19.11.2018 - 20:05:53 ]
    (WARN) [1] in instance 'functionalsA.reader' : Mismatch in input level buffer sizes (levelconf.nT). Level #2 has size 2 which is smaller than the max. input size of all input levels (100). This might cause the processing to hang unpredictably or cause incomplete processing.
[ 19.11.2018 - 20:05:53 ]
    (WARN) [1] in instance 'functionalsA.reader' : Mismatch in input level buffer sizes (levelconf.nT). Level #4 has size 2 which is smaller than the max. input size of all input levels (100). This might cause the processing to hang unpredictably or cause incomplete processing.
[ 19.11.2018 - 20:05:53 ]
    (WARN) [1] in instance 'functionalsA.reader' : Mismatch in input level buffer sizes (levelconf.nT). Level #5 has size 2 which is smaller than the max. input size of all input levels (100). This might cause the processing to hang unpredictably or cause incomplete processing.
[ 19.11.2018 - 20:05:53 ]
    (MSG) [2] in cComponentManager : successfully finished createInstances
                                 (36 component instances were finalised, 1 data memories were finalised)
[ 19.11.2018 - 20:05:53 ]
    (MSG) [2] in cComponentManager : starting single thread processing loop
[ 19.11.2018 - 20:05:56 ]
    (MSG) [2] in cComponentManager : Processing finished! System ran for 3020 ticks.
