This file contains any messages produced by compilers while
running configure, to aid debugging if configure makes a mistake.

It was created by openSMILE configure 2.3.0, which was
generated by GNU Autoconf 2.69.  Invocation command line was

  $ ./configure --without-portaudio --prefix=/Users/sabyasachee/Documents/projects/opensmile-2.3.0/inst --enable-static --enable-shared=no

## --------- ##
## Platform. ##
## --------- ##

hostname = SabyasacheesMBP
uname -m = x86_64
uname -r = 18.0.0
uname -s = Darwin
uname -v = Darwin Kernel Version 18.0.0: Wed Aug 22 20:13:40 PDT 2018; root:xnu-4903.201.2~1/RELEASE_X86_64

/usr/bin/uname -p = i386
/bin/uname -X     = unknown

/bin/arch              = unknown
/usr/bin/arch -k       = unknown
/usr/convex/getsysinfo = unknown
/usr/bin/hostinfo      = Mach kernel version:
	 Darwin Kernel Version 18.0.0: Wed Aug 22 20:13:40 PDT 2018; root:xnu-4903.201.2~1/RELEASE_X86_64
Kernel configured for up to 4 processors.
2 processors are physically available.
4 processors are logically available.
Processor type: x86_64h (Intel x86-64h Haswell)
Processors active: 0 1 2 3
Primary memory available: 8.00 gigabytes
Default processor set: 371 tasks, 1645 threads, 4 processors
Load average: 2.78, Mach factor: 1.20
/bin/machine           = unknown
/usr/bin/oslevel       = unknown
/bin/universe          = unknown

PATH: /usr/local/Cellar/pyenv-virtualenv/1.1.3/shims
PATH: /Users/sabyasachee/.pyenv/shims
PATH: /usr/local/bin
PATH: /usr/bin
PATH: /bin
PATH: /usr/sbin
PATH: /sbin
PATH: /Library/TeX/texbin


## ----------- ##
## Core tests. ##
## ----------- ##

configure:2496: checking for a BSD-compatible install
configure:2564: result: /usr/bin/install -c
configure:2575: checking whether build environment is sane
configure:2630: result: yes
configure:2781: checking for a thread-safe mkdir -p
configure:2820: result: ./install-sh -c -d
configure:2827: checking for gawk
configure:2857: result: no
configure:2827: checking for mawk
configure:2857: result: no
configure:2827: checking for nawk
configure:2857: result: no
configure:2827: checking for awk
configure:2843: found /usr/bin/awk
configure:2854: result: awk
configure:2865: checking whether make sets $(MAKE)
configure:2887: result: yes
configure:2916: checking whether make supports nested variables
configure:2933: result: yes
configure:3110: checking for gcc
configure:3126: found /usr/bin/gcc
configure:3137: result: gcc
configure:3366: checking for C compiler version
configure:3375: gcc --version >&5
Apple LLVM version 10.0.0 (clang-1000.11.45.5)
Target: x86_64-apple-darwin18.0.0
Thread model: posix
InstalledDir: /Applications/Xcode.app/Contents/Developer/Toolchains/XcodeDefault.xctoolchain/usr/bin
Configured with: --prefix=/Applications/Xcode.app/Contents/Developer/usr --with-gxx-include-dir=/Applications/Xcode.app/Contents/Developer/Platforms/MacOSX.platform/Developer/SDKs/MacOSX10.14.sdk/usr/include/c++/4.2.1
configure:3386: $? = 0
configure:3375: gcc -v >&5
Configured with: --prefix=/Applications/Xcode.app/Contents/Developer/usr --with-gxx-include-dir=/Applications/Xcode.app/Contents/Developer/Platforms/MacOSX.platform/Developer/SDKs/MacOSX10.14.sdk/usr/include/c++/4.2.1
Apple LLVM version 10.0.0 (clang-1000.11.45.5)
Target: x86_64-apple-darwin18.0.0
Thread model: posix
InstalledDir: /Applications/Xcode.app/Contents/Developer/Toolchains/XcodeDefault.xctoolchain/usr/bin
Found CUDA installation: /usr/local/cuda, version unknown
configure:3386: $? = 0
configure:3375: gcc -V >&5
clang: error: argument to '-V' is missing (expected 1 value)
clang: error: no input files
configure:3386: $? = 1
configure:3375: gcc -qversion >&5
clang: error: unknown argument: '-qversion'
clang: error: no input files
configure:3386: $? = 1
configure:3406: checking whether the C compiler works
configure:3428: gcc -O2 -mfpmath=sse -msse2 -D__STATIC_LINK -DOPENSMILE_BUILD -DBUILD_SVMSMO -DBUILD_SVMSMO -DBUILD_LIBSVM -DBUILD_RNN -DBUILD_WITHOUT_EXPERIMENTAL -lm -lpthread -lc conftest.c  >&5
configure:3432: $? = 0
configure:3480: result: yes
configure:3483: checking for C compiler default output file name
configure:3485: result: a.out
configure:3491: checking for suffix of executables
configure:3498: gcc -o conftest -O2 -mfpmath=sse -msse2 -D__STATIC_LINK -DOPENSMILE_BUILD -DBUILD_SVMSMO -DBUILD_SVMSMO -DBUILD_LIBSVM -DBUILD_RNN -DBUILD_WITHOUT_EXPERIMENTAL -lm -lpthread -lc conftest.c  >&5
configure:3502: $? = 0
configure:3524: result: 
configure:3546: checking whether we are cross compiling
configure:3554: gcc -o conftest -O2 -mfpmath=sse -msse2 -D__STATIC_LINK -DOPENSMILE_BUILD -DBUILD_SVMSMO -DBUILD_SVMSMO -DBUILD_LIBSVM -DBUILD_RNN -DBUILD_WITHOUT_EXPERIMENTAL -lm -lpthread -lc conftest.c  >&5
configure:3558: $? = 0
configure:3565: ./conftest
configure:3569: $? = 0
configure:3584: result: no
configure:3589: checking for suffix of object files
configure:3611: gcc -c -O2 -mfpmath=sse -msse2 -D__STATIC_LINK -DOPENSMILE_BUILD -DBUILD_SVMSMO -DBUILD_SVMSMO -DBUILD_LIBSVM -DBUILD_RNN -DBUILD_WITHOUT_EXPERIMENTAL conftest.c >&5
configure:3615: $? = 0
configure:3636: result: o
configure:3640: checking whether we are using the GNU C compiler
configure:3659: gcc -c -O2 -mfpmath=sse -msse2 -D__STATIC_LINK -DOPENSMILE_BUILD -DBUILD_SVMSMO -DBUILD_SVMSMO -DBUILD_LIBSVM -DBUILD_RNN -DBUILD_WITHOUT_EXPERIMENTAL conftest.c >&5
configure:3659: $? = 0
configure:3668: result: yes
configure:3677: checking whether gcc accepts -g
configure:3697: gcc -c -g -D__STATIC_LINK -DOPENSMILE_BUILD -DBUILD_SVMSMO -DBUILD_SVMSMO -DBUILD_LIBSVM -DBUILD_RNN -DBUILD_WITHOUT_EXPERIMENTAL conftest.c >&5
configure:3697: $? = 0
configure:3738: result: yes
configure:3755: checking for gcc option to accept ISO C89
configure:3818: gcc  -c -O2 -mfpmath=sse -msse2 -D__STATIC_LINK -DOPENSMILE_BUILD -DBUILD_SVMSMO -DBUILD_SVMSMO -DBUILD_LIBSVM -DBUILD_RNN -DBUILD_WITHOUT_EXPERIMENTAL conftest.c >&5
configure:3818: $? = 0
configure:3831: result: none needed
configure:3856: checking whether gcc understands -c and -o together
configure:3878: gcc -c conftest.c -o conftest2.o
configure:3881: $? = 0
configure:3878: gcc -c conftest.c -o conftest2.o
configure:3881: $? = 0
configure:3893: result: yes
configure:3913: checking whether make supports the include directive
configure:3928: make -f confmf.GNU && cat confinc.out
this is the am__doit target
configure:3931: $? = 0
configure:3950: result: yes (GNU style)
configure:3975: checking dependency style of gcc
configure:4086: result: gcc3
configure:4159: checking for g++
configure:4175: found /usr/bin/g++
configure:4186: result: g++
configure:4213: checking for C++ compiler version
configure:4222: g++ --version >&5
Apple LLVM version 10.0.0 (clang-1000.11.45.5)
Target: x86_64-apple-darwin18.0.0
Thread model: posix
InstalledDir: /Applications/Xcode.app/Contents/Developer/Toolchains/XcodeDefault.xctoolchain/usr/bin
Configured with: --prefix=/Applications/Xcode.app/Contents/Developer/usr --with-gxx-include-dir=/Applications/Xcode.app/Contents/Developer/Platforms/MacOSX.platform/Developer/SDKs/MacOSX10.14.sdk/usr/include/c++/4.2.1
configure:4233: $? = 0
configure:4222: g++ -v >&5
Configured with: --prefix=/Applications/Xcode.app/Contents/Developer/usr --with-gxx-include-dir=/Applications/Xcode.app/Contents/Developer/Platforms/MacOSX.platform/Developer/SDKs/MacOSX10.14.sdk/usr/include/c++/4.2.1
Apple LLVM version 10.0.0 (clang-1000.11.45.5)
Target: x86_64-apple-darwin18.0.0
Thread model: posix
InstalledDir: /Applications/Xcode.app/Contents/Developer/Toolchains/XcodeDefault.xctoolchain/usr/bin
Found CUDA installation: /usr/local/cuda, version unknown
configure:4233: $? = 0
configure:4222: g++ -V >&5
clang: error: argument to '-V' is missing (expected 1 value)
clang: error: no input files
configure:4233: $? = 1
configure:4222: g++ -qversion >&5
clang: error: unknown argument: '-qversion'
clang: error: no input files
configure:4233: $? = 1
configure:4237: checking whether we are using the GNU C++ compiler
configure:4256: g++ -c -O2 -mfpmath=sse -msse2 -D__STATIC_LINK -DOPENSMILE_BUILD -DBUILD_SVMSMO -DBUILD_SVMSMO -DBUILD_LIBSVM -DBUILD_RNN -DBUILD_WITHOUT_EXPERIMENTAL conftest.cpp >&5
configure:4256: $? = 0
configure:4265: result: yes
configure:4274: checking whether g++ accepts -g
configure:4294: g++ -c -g -D__STATIC_LINK -DOPENSMILE_BUILD -DBUILD_SVMSMO -DBUILD_SVMSMO -DBUILD_LIBSVM -DBUILD_RNN -DBUILD_WITHOUT_EXPERIMENTAL conftest.cpp >&5
configure:4294: $? = 0
configure:4335: result: yes
configure:4360: checking dependency style of g++
configure:4471: result: gcc3
configure:4515: checking build system type
configure:4529: result: x86_64-apple-darwin18.0.0
configure:4549: checking host system type
configure:4562: result: x86_64-apple-darwin18.0.0
configure:4603: checking how to print strings
configure:4630: result: printf
configure:4651: checking for a sed that does not truncate output
configure:4715: result: /usr/bin/sed
configure:4733: checking for grep that handles long lines and -e
configure:4791: result: /usr/bin/grep
configure:4796: checking for egrep
configure:4858: result: /usr/bin/grep -E
configure:4863: checking for fgrep
configure:4925: result: /usr/bin/grep -F
configure:4960: checking for ld used by gcc
configure:5027: result: /Applications/Xcode.app/Contents/Developer/Toolchains/XcodeDefault.xctoolchain/usr/bin/ld
configure:5034: checking if the linker (/Applications/Xcode.app/Contents/Developer/Toolchains/XcodeDefault.xctoolchain/usr/bin/ld) is GNU ld
configure:5049: result: no
configure:5061: checking for BSD- or MS-compatible name lister (nm)
configure:5115: result: /usr/bin/nm -B
configure:5245: checking the name lister (/usr/bin/nm -B) interface
configure:5252: gcc -c -O2 -mfpmath=sse -msse2 -D__STATIC_LINK -DOPENSMILE_BUILD -DBUILD_SVMSMO -DBUILD_SVMSMO -DBUILD_LIBSVM -DBUILD_RNN -DBUILD_WITHOUT_EXPERIMENTAL conftest.c >&5
configure:5255: /usr/bin/nm -B "conftest.o"
configure:5258: output
0000000000000000 S _some_variable
configure:5265: result: BSD nm
configure:5268: checking whether ln -s works
configure:5272: result: yes
configure:5280: checking the maximum length of command line arguments
configure:5411: result: 196608
configure:5459: checking how to convert x86_64-apple-darwin18.0.0 file names to x86_64-apple-darwin18.0.0 format
configure:5499: result: func_convert_file_noop
configure:5506: checking how to convert x86_64-apple-darwin18.0.0 file names to toolchain format
configure:5526: result: func_convert_file_noop
configure:5533: checking for /Applications/Xcode.app/Contents/Developer/Toolchains/XcodeDefault.xctoolchain/usr/bin/ld option to reload object files
configure:5540: result: -r
configure:5614: checking for objdump
configure:5630: found /usr/bin/objdump
configure:5641: result: objdump
configure:5673: checking how to recognize dependent libraries
configure:5873: result: pass_all
configure:5958: checking for dlltool
configure:5988: result: no
configure:6018: checking how to associate runtime and link libraries
configure:6045: result: printf %s\n
configure:6106: checking for ar
configure:6122: found /usr/bin/ar
configure:6133: result: ar
configure:6170: checking for archiver @FILE support
configure:6187: gcc -c -O2 -mfpmath=sse -msse2 -D__STATIC_LINK -DOPENSMILE_BUILD -DBUILD_SVMSMO -DBUILD_SVMSMO -DBUILD_LIBSVM -DBUILD_RNN -DBUILD_WITHOUT_EXPERIMENTAL conftest.c >&5
configure:6187: $? = 0
configure:6190: ar cru libconftest.a @conftest.lst >&5
ar: @conftest.lst: No such file or directory
configure:6193: $? = 1
configure:6213: result: no
configure:6271: checking for strip
configure:6287: found /usr/bin/strip
configure:6298: result: strip
configure:6370: checking for ranlib
configure:6386: found /usr/bin/ranlib
configure:6397: result: ranlib
configure:6499: checking command to parse /usr/bin/nm -B output from gcc object
configure:6652: gcc -c -O2 -mfpmath=sse -msse2 -D__STATIC_LINK -DOPENSMILE_BUILD -DBUILD_SVMSMO -DBUILD_SVMSMO -DBUILD_LIBSVM -DBUILD_RNN -DBUILD_WITHOUT_EXPERIMENTAL conftest.c >&5
configure:6655: $? = 0
configure:6659: /usr/bin/nm -B conftest.o \| sed -n -e 's/^.*[ ]\([BCDEGRST][BCDEGRST]*\)[ ][ ]*\([_A-Za-z][_A-Za-z0-9]*\)$/\1 \2 \2/p' | sed '/ __gnu_lto/d' \> conftest.nm
configure:6662: $? = 0
cannot find nm_test_var in conftest.nm
configure:6652: gcc -c -O2 -mfpmath=sse -msse2 -D__STATIC_LINK -DOPENSMILE_BUILD -DBUILD_SVMSMO -DBUILD_SVMSMO -DBUILD_LIBSVM -DBUILD_RNN -DBUILD_WITHOUT_EXPERIMENTAL conftest.c >&5
configure:6655: $? = 0
configure:6659: /usr/bin/nm -B conftest.o \| sed -n -e 's/^.*[ ]\([BCDEGRST][BCDEGRST]*\)[ ][ ]*_\([_A-Za-z][_A-Za-z0-9]*\)$/\1 _\2 \2/p' | sed '/ __gnu_lto/d' \> conftest.nm
configure:6662: $? = 0
configure:6728: gcc -o conftest -O2 -mfpmath=sse -msse2 -D__STATIC_LINK -DOPENSMILE_BUILD -DBUILD_SVMSMO -DBUILD_SVMSMO -DBUILD_LIBSVM -DBUILD_RNN -DBUILD_WITHOUT_EXPERIMENTAL -lm -lpthread -lc conftest.c conftstm.o >&5
configure:6731: $? = 0
configure:6769: result: ok
configure:6816: checking for sysroot
configure:6846: result: no
configure:6853: checking for a working dd
configure:6891: result: /bin/dd
configure:6895: checking how to truncate binary pipes
configure:6910: result: /bin/dd bs=4096 count=1
configure:7239: checking for mt
configure:7269: result: no
configure:7289: checking if : is a manifest tool
configure:7295: : '-?'
configure:7303: result: no
configure:7359: checking for dsymutil
configure:7375: found /usr/bin/dsymutil
configure:7386: result: dsymutil
configure:7451: checking for nmedit
configure:7467: found /usr/bin/nmedit
configure:7478: result: nmedit
configure:7543: checking for lipo
configure:7559: found /usr/bin/lipo
configure:7570: result: lipo
configure:7635: checking for otool
configure:7651: found /usr/bin/otool
configure:7662: result: otool
configure:7727: checking for otool64
configure:7757: result: no
configure:7802: checking for -single_module linker flag
gcc -O2 -mfpmath=sse -msse2 -lm -lpthread -lc -o libconftest.dylib -dynamiclib -Wl,-single_module conftest.c
configure:7835: result: yes
configure:7838: checking for -exported_symbols_list linker flag
configure:7858: gcc -o conftest -O2 -mfpmath=sse -msse2 -D__STATIC_LINK -DOPENSMILE_BUILD -DBUILD_SVMSMO -DBUILD_SVMSMO -DBUILD_LIBSVM -DBUILD_RNN -DBUILD_WITHOUT_EXPERIMENTAL -lm -lpthread -lc -Wl,-exported_symbols_list,conftest.sym conftest.c  >&5
configure:7858: $? = 0
configure:7868: result: yes
configure:7871: checking for -force_load linker flag
gcc -O2 -mfpmath=sse -msse2 -c -o conftest.o conftest.c
ar cru libconftest.a conftest.o
ranlib libconftest.a
gcc -O2 -mfpmath=sse -msse2 -lm -lpthread -lc -o conftest conftest.c -Wl,-force_load,./libconftest.a
configure:7903: result: yes
configure:7980: checking how to run the C preprocessor
configure:8011: gcc -E -D__STATIC_LINK -DOPENSMILE_BUILD -DBUILD_SVMSMO -DBUILD_SVMSMO -DBUILD_LIBSVM -DBUILD_RNN -DBUILD_WITHOUT_EXPERIMENTAL conftest.c
configure:8011: $? = 0
configure:8025: gcc -E -D__STATIC_LINK -DOPENSMILE_BUILD -DBUILD_SVMSMO -DBUILD_SVMSMO -DBUILD_LIBSVM -DBUILD_RNN -DBUILD_WITHOUT_EXPERIMENTAL conftest.c
conftest.c:11:10: fatal error: 'ac_nonexistent.h' file not found
#include <ac_nonexistent.h>
         ^~~~~~~~~~~~~~~~~~
1 error generated.
configure:8025: $? = 1
configure: failed program was:
| /* confdefs.h */
| #define PACKAGE_NAME "openSMILE"
| #define PACKAGE_TARNAME "opensmile"
| #define PACKAGE_VERSION "2.3.0"
| #define PACKAGE_STRING "openSMILE 2.3.0"
| #define PACKAGE_BUGREPORT ""
| #define PACKAGE_URL ""
| #define PACKAGE "opensmile"
| #define VERSION "2.3.0"
| /* end confdefs.h.  */
| #include <ac_nonexistent.h>
configure:8050: result: gcc -E
configure:8070: gcc -E -D__STATIC_LINK -DOPENSMILE_BUILD -DBUILD_SVMSMO -DBUILD_SVMSMO -DBUILD_LIBSVM -DBUILD_RNN -DBUILD_WITHOUT_EXPERIMENTAL conftest.c
configure:8070: $? = 0
configure:8084: gcc -E -D__STATIC_LINK -DOPENSMILE_BUILD -DBUILD_SVMSMO -DBUILD_SVMSMO -DBUILD_LIBSVM -DBUILD_RNN -DBUILD_WITHOUT_EXPERIMENTAL conftest.c
conftest.c:11:10: fatal error: 'ac_nonexistent.h' file not found
#include <ac_nonexistent.h>
         ^~~~~~~~~~~~~~~~~~
1 error generated.
configure:8084: $? = 1
configure: failed program was:
| /* confdefs.h */
| #define PACKAGE_NAME "openSMILE"
| #define PACKAGE_TARNAME "opensmile"
| #define PACKAGE_VERSION "2.3.0"
| #define PACKAGE_STRING "openSMILE 2.3.0"
| #define PACKAGE_BUGREPORT ""
| #define PACKAGE_URL ""
| #define PACKAGE "opensmile"
| #define VERSION "2.3.0"
| /* end confdefs.h.  */
| #include <ac_nonexistent.h>
configure:8113: checking for ANSI C header files
configure:8133: gcc -c -O2 -mfpmath=sse -msse2 -D__STATIC_LINK -DOPENSMILE_BUILD -DBUILD_SVMSMO -DBUILD_SVMSMO -DBUILD_LIBSVM -DBUILD_RNN -DBUILD_WITHOUT_EXPERIMENTAL conftest.c >&5
configure:8133: $? = 0
configure:8206: gcc -o conftest -O2 -mfpmath=sse -msse2 -D__STATIC_LINK -DOPENSMILE_BUILD -DBUILD_SVMSMO -DBUILD_SVMSMO -DBUILD_LIBSVM -DBUILD_RNN -DBUILD_WITHOUT_EXPERIMENTAL -lm -lpthread -lc conftest.c  >&5
configure:8206: $? = 0
configure:8206: ./conftest
configure:8206: $? = 0
configure:8217: result: yes
configure:8230: checking for sys/types.h
configure:8230: gcc -c -O2 -mfpmath=sse -msse2 -D__STATIC_LINK -DOPENSMILE_BUILD -DBUILD_SVMSMO -DBUILD_SVMSMO -DBUILD_LIBSVM -DBUILD_RNN -DBUILD_WITHOUT_EXPERIMENTAL conftest.c >&5
configure:8230: $? = 0
configure:8230: result: yes
configure:8230: checking for sys/stat.h
configure:8230: gcc -c -O2 -mfpmath=sse -msse2 -D__STATIC_LINK -DOPENSMILE_BUILD -DBUILD_SVMSMO -DBUILD_SVMSMO -DBUILD_LIBSVM -DBUILD_RNN -DBUILD_WITHOUT_EXPERIMENTAL conftest.c >&5
configure:8230: $? = 0
configure:8230: result: yes
configure:8230: checking for stdlib.h
configure:8230: gcc -c -O2 -mfpmath=sse -msse2 -D__STATIC_LINK -DOPENSMILE_BUILD -DBUILD_SVMSMO -DBUILD_SVMSMO -DBUILD_LIBSVM -DBUILD_RNN -DBUILD_WITHOUT_EXPERIMENTAL conftest.c >&5
configure:8230: $? = 0
configure:8230: result: yes
configure:8230: checking for string.h
configure:8230: gcc -c -O2 -mfpmath=sse -msse2 -D__STATIC_LINK -DOPENSMILE_BUILD -DBUILD_SVMSMO -DBUILD_SVMSMO -DBUILD_LIBSVM -DBUILD_RNN -DBUILD_WITHOUT_EXPERIMENTAL conftest.c >&5
configure:8230: $? = 0
configure:8230: result: yes
configure:8230: checking for memory.h
configure:8230: gcc -c -O2 -mfpmath=sse -msse2 -D__STATIC_LINK -DOPENSMILE_BUILD -DBUILD_SVMSMO -DBUILD_SVMSMO -DBUILD_LIBSVM -DBUILD_RNN -DBUILD_WITHOUT_EXPERIMENTAL conftest.c >&5
configure:8230: $? = 0
configure:8230: result: yes
configure:8230: checking for strings.h
configure:8230: gcc -c -O2 -mfpmath=sse -msse2 -D__STATIC_LINK -DOPENSMILE_BUILD -DBUILD_SVMSMO -DBUILD_SVMSMO -DBUILD_LIBSVM -DBUILD_RNN -DBUILD_WITHOUT_EXPERIMENTAL conftest.c >&5
configure:8230: $? = 0
configure:8230: result: yes
configure:8230: checking for inttypes.h
configure:8230: gcc -c -O2 -mfpmath=sse -msse2 -D__STATIC_LINK -DOPENSMILE_BUILD -DBUILD_SVMSMO -DBUILD_SVMSMO -DBUILD_LIBSVM -DBUILD_RNN -DBUILD_WITHOUT_EXPERIMENTAL conftest.c >&5
configure:8230: $? = 0
configure:8230: result: yes
configure:8230: checking for stdint.h
configure:8230: gcc -c -O2 -mfpmath=sse -msse2 -D__STATIC_LINK -DOPENSMILE_BUILD -DBUILD_SVMSMO -DBUILD_SVMSMO -DBUILD_LIBSVM -DBUILD_RNN -DBUILD_WITHOUT_EXPERIMENTAL conftest.c >&5
configure:8230: $? = 0
configure:8230: result: yes
configure:8230: checking for unistd.h
configure:8230: gcc -c -O2 -mfpmath=sse -msse2 -D__STATIC_LINK -DOPENSMILE_BUILD -DBUILD_SVMSMO -DBUILD_SVMSMO -DBUILD_LIBSVM -DBUILD_RNN -DBUILD_WITHOUT_EXPERIMENTAL conftest.c >&5
configure:8230: $? = 0
configure:8230: result: yes
configure:8244: checking for dlfcn.h
configure:8244: gcc -c -O2 -mfpmath=sse -msse2 -D__STATIC_LINK -DOPENSMILE_BUILD -DBUILD_SVMSMO -DBUILD_SVMSMO -DBUILD_LIBSVM -DBUILD_RNN -DBUILD_WITHOUT_EXPERIMENTAL conftest.c >&5
configure:8244: $? = 0
configure:8244: result: yes
configure:8511: checking for objdir
configure:8526: result: .libs
configure:8790: checking if gcc supports -fno-rtti -fno-exceptions
configure:8808: gcc -c -O2 -mfpmath=sse -msse2 -D__STATIC_LINK -DOPENSMILE_BUILD -DBUILD_SVMSMO -DBUILD_SVMSMO -DBUILD_LIBSVM -DBUILD_RNN -DBUILD_WITHOUT_EXPERIMENTAL -fno-rtti -fno-exceptions conftest.c >&5
configure:8812: $? = 0
configure:8825: result: yes
configure:9183: checking for gcc option to produce PIC
configure:9190: result: -fno-common -DPIC
configure:9198: checking if gcc PIC flag -fno-common -DPIC works
configure:9216: gcc -c -O2 -mfpmath=sse -msse2 -D__STATIC_LINK -DOPENSMILE_BUILD -DBUILD_SVMSMO -DBUILD_SVMSMO -DBUILD_LIBSVM -DBUILD_RNN -DBUILD_WITHOUT_EXPERIMENTAL -fno-common -DPIC -DPIC conftest.c >&5
configure:9220: $? = 0
configure:9233: result: yes
configure:9262: checking if gcc static flag -static works
configure:9290: result: no
configure:9305: checking if gcc supports -c -o file.o
configure:9326: gcc -c -O2 -mfpmath=sse -msse2 -D__STATIC_LINK -DOPENSMILE_BUILD -DBUILD_SVMSMO -DBUILD_SVMSMO -DBUILD_LIBSVM -DBUILD_RNN -DBUILD_WITHOUT_EXPERIMENTAL -o out/conftest2.o conftest.c >&5
configure:9330: $? = 0
configure:9352: result: yes
configure:9360: checking if gcc supports -c -o file.o
configure:9407: result: yes
configure:9440: checking whether the gcc linker (/Applications/Xcode.app/Contents/Developer/Toolchains/XcodeDefault.xctoolchain/usr/bin/ld) supports shared libraries
configure:10699: result: yes
configure:10939: checking dynamic linker characteristics
configure:11757: result: darwin18.0.0 dyld
configure:11879: checking how to hardcode library paths into programs
configure:11904: result: immediate
configure:12452: checking whether stripping libraries is possible
configure:12466: result: yes
configure:12492: checking if libtool supports shared libraries
configure:12494: result: yes
configure:12497: checking whether to build shared libraries
configure:12522: result: no
configure:12525: checking whether to build static libraries
configure:12529: result: yes
configure:12552: checking how to run the C++ preprocessor
configure:12579: g++ -E -D__STATIC_LINK -DOPENSMILE_BUILD -DBUILD_SVMSMO -DBUILD_SVMSMO -DBUILD_LIBSVM -DBUILD_RNN -DBUILD_WITHOUT_EXPERIMENTAL conftest.cpp
configure:12579: $? = 0
configure:12593: g++ -E -D__STATIC_LINK -DOPENSMILE_BUILD -DBUILD_SVMSMO -DBUILD_SVMSMO -DBUILD_LIBSVM -DBUILD_RNN -DBUILD_WITHOUT_EXPERIMENTAL conftest.cpp
conftest.cpp:23:10: fatal error: 'ac_nonexistent.h' file not found
#include <ac_nonexistent.h>
         ^~~~~~~~~~~~~~~~~~
1 error generated.
configure:12593: $? = 1
configure: failed program was:
| /* confdefs.h */
| #define PACKAGE_NAME "openSMILE"
| #define PACKAGE_TARNAME "opensmile"
| #define PACKAGE_VERSION "2.3.0"
| #define PACKAGE_STRING "openSMILE 2.3.0"
| #define PACKAGE_BUGREPORT ""
| #define PACKAGE_URL ""
| #define PACKAGE "opensmile"
| #define VERSION "2.3.0"
| #define STDC_HEADERS 1
| #define HAVE_SYS_TYPES_H 1
| #define HAVE_SYS_STAT_H 1
| #define HAVE_STDLIB_H 1
| #define HAVE_STRING_H 1
| #define HAVE_MEMORY_H 1
| #define HAVE_STRINGS_H 1
| #define HAVE_INTTYPES_H 1
| #define HAVE_STDINT_H 1
| #define HAVE_UNISTD_H 1
| #define HAVE_DLFCN_H 1
| #define LT_OBJDIR ".libs/"
| /* end confdefs.h.  */
| #include <ac_nonexistent.h>
configure:12618: result: g++ -E
configure:12638: g++ -E -D__STATIC_LINK -DOPENSMILE_BUILD -DBUILD_SVMSMO -DBUILD_SVMSMO -DBUILD_LIBSVM -DBUILD_RNN -DBUILD_WITHOUT_EXPERIMENTAL conftest.cpp
configure:12638: $? = 0
configure:12652: g++ -E -D__STATIC_LINK -DOPENSMILE_BUILD -DBUILD_SVMSMO -DBUILD_SVMSMO -DBUILD_LIBSVM -DBUILD_RNN -DBUILD_WITHOUT_EXPERIMENTAL conftest.cpp
conftest.cpp:23:10: fatal error: 'ac_nonexistent.h' file not found
#include <ac_nonexistent.h>
         ^~~~~~~~~~~~~~~~~~
1 error generated.
configure:12652: $? = 1
configure: failed program was:
| /* confdefs.h */
| #define PACKAGE_NAME "openSMILE"
| #define PACKAGE_TARNAME "opensmile"
| #define PACKAGE_VERSION "2.3.0"
| #define PACKAGE_STRING "openSMILE 2.3.0"
| #define PACKAGE_BUGREPORT ""
| #define PACKAGE_URL ""
| #define PACKAGE "opensmile"
| #define VERSION "2.3.0"
| #define STDC_HEADERS 1
| #define HAVE_SYS_TYPES_H 1
| #define HAVE_SYS_STAT_H 1
| #define HAVE_STDLIB_H 1
| #define HAVE_STRING_H 1
| #define HAVE_MEMORY_H 1
| #define HAVE_STRINGS_H 1
| #define HAVE_INTTYPES_H 1
| #define HAVE_STDINT_H 1
| #define HAVE_UNISTD_H 1
| #define HAVE_DLFCN_H 1
| #define LT_OBJDIR ".libs/"
| /* end confdefs.h.  */
| #include <ac_nonexistent.h>
configure:12814: checking for ld used by g++
configure:12881: result: /Applications/Xcode.app/Contents/Developer/Toolchains/XcodeDefault.xctoolchain/usr/bin/ld
configure:12888: checking if the linker (/Applications/Xcode.app/Contents/Developer/Toolchains/XcodeDefault.xctoolchain/usr/bin/ld) is GNU ld
configure:12903: result: no
configure:12958: checking whether the g++ linker (/Applications/Xcode.app/Contents/Developer/Toolchains/XcodeDefault.xctoolchain/usr/bin/ld) supports shared libraries
configure:14031: result: yes
configure:14067: g++ -c -O2 -mfpmath=sse -msse2 -D__STATIC_LINK -DOPENSMILE_BUILD -DBUILD_SVMSMO -DBUILD_SVMSMO -DBUILD_LIBSVM -DBUILD_RNN -DBUILD_WITHOUT_EXPERIMENTAL conftest.cpp >&5
configure:14070: $? = 0
configure:14551: checking for g++ option to produce PIC
configure:14558: result: -fno-common -DPIC
configure:14566: checking if g++ PIC flag -fno-common -DPIC works
configure:14584: g++ -c -O2 -mfpmath=sse -msse2 -D__STATIC_LINK -DOPENSMILE_BUILD -DBUILD_SVMSMO -DBUILD_SVMSMO -DBUILD_LIBSVM -DBUILD_RNN -DBUILD_WITHOUT_EXPERIMENTAL -fno-common -DPIC -DPIC conftest.cpp >&5
configure:14588: $? = 0
configure:14601: result: yes
configure:14624: checking if g++ static flag -static works
configure:14652: result: no
configure:14664: checking if g++ supports -c -o file.o
configure:14685: g++ -c -O2 -mfpmath=sse -msse2 -D__STATIC_LINK -DOPENSMILE_BUILD -DBUILD_SVMSMO -DBUILD_SVMSMO -DBUILD_LIBSVM -DBUILD_RNN -DBUILD_WITHOUT_EXPERIMENTAL -o out/conftest2.o conftest.cpp >&5
configure:14689: $? = 0
configure:14711: result: yes
configure:14716: checking if g++ supports -c -o file.o
configure:14763: result: yes
configure:14793: checking whether the g++ linker (/Applications/Xcode.app/Contents/Developer/Toolchains/XcodeDefault.xctoolchain/usr/bin/ld) supports shared libraries
configure:14833: result: yes
configure:14974: checking dynamic linker characteristics
configure:15719: result: darwin18.0.0 dyld
configure:15784: checking how to hardcode library paths into programs
configure:15809: result: immediate
configure:16360: checking for the pthreads library -lpthreads
configure:16393: gcc -o conftest -O2 -mfpmath=sse -msse2  -D__STATIC_LINK -DOPENSMILE_BUILD -DBUILD_SVMSMO -DBUILD_SVMSMO -DBUILD_LIBSVM -DBUILD_RNN -DBUILD_WITHOUT_EXPERIMENTAL -lm -lpthread -lc conftest.c -lpthreads  >&5
conftest.c:28:41: warning: null passed to a callee that requires a non-null argument [-Wnonnull]
                     pthread_attr_init(0); pthread_cleanup_push(0, 0);
                                       ~^
conftest.c:29:44: warning: null passed to a callee that requires a non-null argument [-Wnonnull]
                     pthread_create(0,0,0,0); pthread_cleanup_pop(0);
                                    ~      ^
conftest.c:29:44: warning: null passed to a callee that requires a non-null argument [-Wnonnull]
                     pthread_create(0,0,0,0); pthread_cleanup_pop(0);
                                        ~  ^
3 warnings generated.
ld: library not found for -lpthreads
clang: error: linker command failed with exit code 1 (use -v to see invocation)
configure:16393: $? = 1
configure: failed program was:
| /* confdefs.h */
| #define PACKAGE_NAME "openSMILE"
| #define PACKAGE_TARNAME "opensmile"
| #define PACKAGE_VERSION "2.3.0"
| #define PACKAGE_STRING "openSMILE 2.3.0"
| #define PACKAGE_BUGREPORT ""
| #define PACKAGE_URL ""
| #define PACKAGE "opensmile"
| #define VERSION "2.3.0"
| #define STDC_HEADERS 1
| #define HAVE_SYS_TYPES_H 1
| #define HAVE_SYS_STAT_H 1
| #define HAVE_STDLIB_H 1
| #define HAVE_STRING_H 1
| #define HAVE_MEMORY_H 1
| #define HAVE_STRINGS_H 1
| #define HAVE_INTTYPES_H 1
| #define HAVE_STDINT_H 1
| #define HAVE_UNISTD_H 1
| #define HAVE_DLFCN_H 1
| #define LT_OBJDIR ".libs/"
| /* end confdefs.h.  */
| #include <pthread.h>
| int
| main ()
| {
| pthread_t th; pthread_join(th, 0);
|                      pthread_attr_init(0); pthread_cleanup_push(0, 0);
|                      pthread_create(0,0,0,0); pthread_cleanup_pop(0);
|   ;
|   return 0;
| }
configure:16402: result: no
configure:16305: checking whether pthreads work without any flags
configure:16393: gcc -o conftest -O2 -mfpmath=sse -msse2  -D__STATIC_LINK -DOPENSMILE_BUILD -DBUILD_SVMSMO -DBUILD_SVMSMO -DBUILD_LIBSVM -DBUILD_RNN -DBUILD_WITHOUT_EXPERIMENTAL -lm -lpthread -lc conftest.c   >&5
conftest.c:28:41: warning: null passed to a callee that requires a non-null argument [-Wnonnull]
                     pthread_attr_init(0); pthread_cleanup_push(0, 0);
                                       ~^
conftest.c:29:44: warning: null passed to a callee that requires a non-null argument [-Wnonnull]
                     pthread_create(0,0,0,0); pthread_cleanup_pop(0);
                                    ~      ^
conftest.c:29:44: warning: null passed to a callee that requires a non-null argument [-Wnonnull]
                     pthread_create(0,0,0,0); pthread_cleanup_pop(0);
                                        ~  ^
3 warnings generated.
configure:16393: $? = 0
configure:16402: result: yes
configure:16421: checking for joinable pthread attribute
configure:16436: gcc -o conftest -O2 -mfpmath=sse -msse2  -D__STATIC_LINK -DOPENSMILE_BUILD -DBUILD_SVMSMO -DBUILD_SVMSMO -DBUILD_LIBSVM -DBUILD_RNN -DBUILD_WITHOUT_EXPERIMENTAL -lm -lpthread -lc conftest.c   >&5
configure:16436: $? = 0
configure:16442: result: PTHREAD_CREATE_JOINABLE
configure:16452: checking if more special flags are required for pthreads
configure:16459: result: -D_THREAD_SAFE
configure:16743: checking that generated files are newer than configure
configure:16749: result: done
configure:16780: creating ./config.status

## ---------------------- ##
## Running config.status. ##
## ---------------------- ##

This file was extended by openSMILE config.status 2.3.0, which was
generated by GNU Autoconf 2.69.  Invocation command line was

  CONFIG_FILES    = 
  CONFIG_HEADERS  = 
  CONFIG_LINKS    = 
  CONFIG_COMMANDS = 
  $ ./config.status 

on SabyasacheesMBP

config.status:1162: creating Makefile
config.status:1162: creating config.h
config.status:1391: executing depfiles commands
config.status:1468: cd .       && sed -e '/# am--include-marker/d' Makefile         | make -f - am--depfiles
config.status:1473: $? = 0
config.status:1391: executing libtool commands

## ---------------- ##
## Cache variables. ##
## ---------------- ##

ac_cv_build=x86_64-apple-darwin18.0.0
ac_cv_c_compiler_gnu=yes
ac_cv_cxx_compiler_gnu=yes
ac_cv_env_CCC_set=
ac_cv_env_CCC_value=
ac_cv_env_CC_set=
ac_cv_env_CC_value=
ac_cv_env_CFLAGS_set=set
ac_cv_env_CFLAGS_value='-O2 -mfpmath=sse -msse2'
ac_cv_env_CPPFLAGS_set=set
ac_cv_env_CPPFLAGS_value='-D__STATIC_LINK -DOPENSMILE_BUILD -DBUILD_SVMSMO -DBUILD_SVMSMO -DBUILD_LIBSVM -DBUILD_RNN -DBUILD_WITHOUT_EXPERIMENTAL'
ac_cv_env_CPP_set=
ac_cv_env_CPP_value=
ac_cv_env_CXXCPP_set=
ac_cv_env_CXXCPP_value=
ac_cv_env_CXXFLAGS_set=set
ac_cv_env_CXXFLAGS_value='-O2 -mfpmath=sse -msse2'
ac_cv_env_CXX_set=
ac_cv_env_CXX_value=
ac_cv_env_LDFLAGS_set=set
ac_cv_env_LDFLAGS_value='-lm -lpthread -lc'
ac_cv_env_LIBS_set=
ac_cv_env_LIBS_value=
ac_cv_env_LT_SYS_LIBRARY_PATH_set=
ac_cv_env_LT_SYS_LIBRARY_PATH_value=
ac_cv_env_build_alias_set=
ac_cv_env_build_alias_value=
ac_cv_env_host_alias_set=
ac_cv_env_host_alias_value=
ac_cv_env_target_alias_set=
ac_cv_env_target_alias_value=
ac_cv_header_dlfcn_h=yes
ac_cv_header_inttypes_h=yes
ac_cv_header_memory_h=yes
ac_cv_header_stdc=yes
ac_cv_header_stdint_h=yes
ac_cv_header_stdlib_h=yes
ac_cv_header_string_h=yes
ac_cv_header_strings_h=yes
ac_cv_header_sys_stat_h=yes
ac_cv_header_sys_types_h=yes
ac_cv_header_unistd_h=yes
ac_cv_host=x86_64-apple-darwin18.0.0
ac_cv_objext=o
ac_cv_path_EGREP='/usr/bin/grep -E'
ac_cv_path_FGREP='/usr/bin/grep -F'
ac_cv_path_GREP=/usr/bin/grep
ac_cv_path_SED=/usr/bin/sed
ac_cv_path_install='/usr/bin/install -c'
ac_cv_path_lt_DD=/bin/dd
ac_cv_prog_AWK=awk
ac_cv_prog_CPP='gcc -E'
ac_cv_prog_CXXCPP='g++ -E'
ac_cv_prog_ac_ct_AR=ar
ac_cv_prog_ac_ct_CC=gcc
ac_cv_prog_ac_ct_CXX=g++
ac_cv_prog_ac_ct_DSYMUTIL=dsymutil
ac_cv_prog_ac_ct_LIPO=lipo
ac_cv_prog_ac_ct_NMEDIT=nmedit
ac_cv_prog_ac_ct_OBJDUMP=objdump
ac_cv_prog_ac_ct_OTOOL=otool
ac_cv_prog_ac_ct_RANLIB=ranlib
ac_cv_prog_ac_ct_STRIP=strip
ac_cv_prog_cc_c89=
ac_cv_prog_cc_g=yes
ac_cv_prog_cxx_g=yes
ac_cv_prog_make_make_set=yes
am_cv_CC_dependencies_compiler_type=gcc3
am_cv_CXX_dependencies_compiler_type=gcc3
am_cv_make_support_nested_variables=yes
am_cv_prog_cc_c_o=yes
lt_cv_apple_cc_single_mod=yes
lt_cv_ar_at_file=no
lt_cv_deplibs_check_method=pass_all
lt_cv_file_magic_cmd='$MAGIC_CMD'
lt_cv_file_magic_test_file=
lt_cv_ld_exported_symbols_list=yes
lt_cv_ld_force_load=yes
lt_cv_ld_reload_flag=-r
lt_cv_nm_interface='BSD nm'
lt_cv_objdir=.libs
lt_cv_path_LD=/Applications/Xcode.app/Contents/Developer/Toolchains/XcodeDefault.xctoolchain/usr/bin/ld
lt_cv_path_LDCXX=/Applications/Xcode.app/Contents/Developer/Toolchains/XcodeDefault.xctoolchain/usr/bin/ld
lt_cv_path_NM='/usr/bin/nm -B'
lt_cv_path_mainfest_tool=no
lt_cv_prog_compiler_c_o=yes
lt_cv_prog_compiler_c_o_CXX=yes
lt_cv_prog_compiler_pic='-fno-common -DPIC'
lt_cv_prog_compiler_pic_CXX='-fno-common -DPIC'
lt_cv_prog_compiler_pic_works=yes
lt_cv_prog_compiler_pic_works_CXX=yes
lt_cv_prog_compiler_rtti_exceptions=yes
lt_cv_prog_compiler_static_works=no
lt_cv_prog_compiler_static_works_CXX=no
lt_cv_prog_gnu_ld=no
lt_cv_prog_gnu_ldcxx=no
lt_cv_sharedlib_from_linklib_cmd='printf %s\n'
lt_cv_sys_global_symbol_pipe='sed -n -e '\''s/^.*[	 ]\([BCDEGRST][BCDEGRST]*\)[	 ][	 ]*_\([_A-Za-z][_A-Za-z0-9]*\)$/\1 _\2 \2/p'\'' | sed '\''/ __gnu_lto/d'\'''
lt_cv_sys_global_symbol_to_c_name_address='sed -n -e '\''s/^: \(.*\) .*$/  {"\1", (void *) 0},/p'\'' -e '\''s/^[BCDEGRST][BCDEGRST]* .* \(.*\)$/  {"\1", (void *) \&\1},/p'\'''
lt_cv_sys_global_symbol_to_c_name_address_lib_prefix='sed -n -e '\''s/^: \(.*\) .*$/  {"\1", (void *) 0},/p'\'' -e '\''s/^[BCDEGRST][BCDEGRST]* .* \(lib.*\)$/  {"\1", (void *) \&\1},/p'\'' -e '\''s/^[BCDEGRST][BCDEGRST]* .* \(.*\)$/  {"lib\1", (void *) \&\1},/p'\'''
lt_cv_sys_global_symbol_to_cdecl='sed -n -e '\''s/^T .* \(.*\)$/extern int \1();/p'\'' -e '\''s/^[BCDEGRST][BCDEGRST]* .* \(.*\)$/extern char \1;/p'\'''
lt_cv_sys_global_symbol_to_import=
lt_cv_sys_max_cmd_len=196608
lt_cv_to_host_file_cmd=func_convert_file_noop
lt_cv_to_tool_file_cmd=func_convert_file_noop
lt_cv_truncate_bin='/bin/dd bs=4096 count=1'

## ----------------- ##
## Output variables. ##
## ----------------- ##

ACLOCAL='${SHELL} /Users/sabyasachee/Documents/projects/opensmile-2.3.0/missing aclocal-1.16'
AMDEPBACKSLASH='\'
AMDEP_FALSE='#'
AMDEP_TRUE=''
AMTAR='$${TAR-tar}'
AM_BACKSLASH='\'
AM_DEFAULT_V='$(AM_DEFAULT_VERBOSITY)'
AM_DEFAULT_VERBOSITY='1'
AM_V='$(V)'
ANDROID_LDFLAGS=''
AR='ar'
AUTOCONF='${SHELL} /Users/sabyasachee/Documents/projects/opensmile-2.3.0/missing autoconf'
AUTOHEADER='${SHELL} /Users/sabyasachee/Documents/projects/opensmile-2.3.0/missing autoheader'
AUTOMAKE='${SHELL} /Users/sabyasachee/Documents/projects/opensmile-2.3.0/missing automake-1.16'
AWK='awk'
BUILD_SMILExtract_FALSE='#'
BUILD_SMILExtract_TRUE=''
CC='gcc'
CCDEPMODE='depmode=gcc3'
CFLAGS='-O2 -mfpmath=sse -msse2'
CPP='gcc -E'
CPPFLAGS='-D__STATIC_LINK -DOPENSMILE_BUILD -DBUILD_SVMSMO -DBUILD_SVMSMO -DBUILD_LIBSVM -DBUILD_RNN -DBUILD_WITHOUT_EXPERIMENTAL'
CXX='g++'
CXXCPP='g++ -E'
CXXDEPMODE='depmode=gcc3'
CXXFLAGS='-O2 -mfpmath=sse -msse2'
CYGPATH_W='echo'
DEFS='-DHAVE_CONFIG_H'
DEPDIR='.deps'
DLIB='-ldl'
DLLTOOL='false'
DSYMUTIL='dsymutil'
DUMPBIN=''
ECHO_C='\c'
ECHO_N=''
ECHO_T=''
EGREP='/usr/bin/grep -E'
EXEEXT=''
FGREP='/usr/bin/grep -F'
GREP='/usr/bin/grep'
INSTALL_DATA='${INSTALL} -m 644'
INSTALL_PROGRAM='${INSTALL}'
INSTALL_SCRIPT='${INSTALL}'
INSTALL_STRIP_PROGRAM='$(install_sh) -c -s'
LD='/Applications/Xcode.app/Contents/Developer/Toolchains/XcodeDefault.xctoolchain/usr/bin/ld'
LDFLAGS='-lm -lpthread -lc'
LIBOBJS=''
LIBS=''
LIBTOOL='$(SHELL) $(top_builddir)/libtool'
LIPO='lipo'
LN_S='ln -s'
LTLIBOBJS=''
LT_SYS_LIBRARY_PATH=''
MAKEINFO='${SHELL} /Users/sabyasachee/Documents/projects/opensmile-2.3.0/missing makeinfo'
MANIFEST_TOOL=':'
MKDIR_P='./install-sh -c -d'
NM='/usr/bin/nm -B'
NMEDIT='nmedit'
OBJDUMP='objdump'
OBJEXT='o'
OPENCV_CPPFLAGS=''
OPENCV_LDFLAGS=''
OPENCV_ROOT='no'
OTOOL64=':'
OTOOL='otool'
PACKAGE='opensmile'
PACKAGE_BUGREPORT=''
PACKAGE_NAME='openSMILE'
PACKAGE_STRING='openSMILE 2.3.0'
PACKAGE_TARNAME='opensmile'
PACKAGE_URL=''
PACKAGE_VERSION='2.3.0'
PATH_SEPARATOR=':'
PORTAUDIO_CPPFLAGS=''
PORTAUDIO_LDFLAGS=''
PORTAUDIO_ROOT='no'
PTHREAD_CC='gcc'
PTHREAD_CFLAGS='-D_THREAD_SAFE '
PTHREAD_LIBS=''
RANLIB='ranlib'
SED='/usr/bin/sed'
SET_MAKE=''
SHELL='/bin/sh'
STRIP='strip'
VERSION='2.3.0'
ac_ct_AR='ar'
ac_ct_CC='gcc'
ac_ct_CXX='g++'
ac_ct_DUMPBIN=''
acx_pthread_config=''
am__EXEEXT_FALSE=''
am__EXEEXT_TRUE='#'
am__fastdepCC_FALSE='#'
am__fastdepCC_TRUE=''
am__fastdepCXX_FALSE='#'
am__fastdepCXX_TRUE=''
am__include='include'
am__isrc=''
am__leading_dot='.'
am__nodep='_no'
am__quote=''
am__tar='$${TAR-tar} chof - "$$tardir"'
am__untar='$${TAR-tar} xf -'
bindir='${exec_prefix}/bin'
build='x86_64-apple-darwin18.0.0'
build_alias=''
build_cpu='x86_64'
build_os='darwin18.0.0'
build_vendor='apple'
datadir='${datarootdir}'
datarootdir='${prefix}/share'
docdir='${datarootdir}/doc/${PACKAGE_TARNAME}'
dvidir='${docdir}'
exec_prefix='${prefix}'
host='x86_64-apple-darwin18.0.0'
host_alias=''
host_cpu='x86_64'
host_os='darwin18.0.0'
host_vendor='apple'
htmldir='${docdir}'
includedir='${prefix}/include'
infodir='${datarootdir}/info'
install_sh='${SHELL} /Users/sabyasachee/Documents/projects/opensmile-2.3.0/install-sh'
libdir='${exec_prefix}/lib'
libexecdir='${exec_prefix}/libexec'
localedir='${datarootdir}/locale'
localstatedir='${prefix}/var'
mandir='${datarootdir}/man'
mkdir_p='$(MKDIR_P)'
oldincludedir='/usr/include'
pdfdir='${docdir}'
prefix='/Users/sabyasachee/Documents/projects/opensmile-2.3.0/inst'
program_transform_name='s,x,x,'
psdir='${docdir}'
sbindir='${exec_prefix}/sbin'
sharedstatedir='${prefix}/com'
sysconfdir='${prefix}/etc'
target_alias=''

## ----------- ##
## confdefs.h. ##
## ----------- ##

/* confdefs.h */
#define PACKAGE_NAME "openSMILE"
#define PACKAGE_TARNAME "opensmile"
#define PACKAGE_VERSION "2.3.0"
#define PACKAGE_STRING "openSMILE 2.3.0"
#define PACKAGE_BUGREPORT ""
#define PACKAGE_URL ""
#define PACKAGE "opensmile"
#define VERSION "2.3.0"
#define STDC_HEADERS 1
#define HAVE_SYS_TYPES_H 1
#define HAVE_SYS_STAT_H 1
#define HAVE_STDLIB_H 1
#define HAVE_STRING_H 1
#define HAVE_MEMORY_H 1
#define HAVE_STRINGS_H 1
#define HAVE_INTTYPES_H 1
#define HAVE_STDINT_H 1
#define HAVE_UNISTD_H 1
#define HAVE_DLFCN_H 1
#define LT_OBJDIR ".libs/"
#define HAVE_PTHREAD 1
#define WITH_LIVEREC 1
#define __MACOS 1
#define __HAVENT_GNULIBS 1
#define HAVE_AUTOCONF 1

configure: exit 0

## ---------------------- ##
## Running config.status. ##
## ---------------------- ##

This file was extended by openSMILE config.status 2.3.0, which was
generated by GNU Autoconf 2.69.  Invocation command line was

  CONFIG_FILES    = 
  CONFIG_HEADERS  = 
  CONFIG_LINKS    = 
  CONFIG_COMMANDS = 
  $ ./config.status config.h

on SabyasacheesMBP

config.status:1162: creating config.h
config.status:1343: config.h is unchanged
